# JRE version: Java(TM) SE Runtime Environment 18.9 (11.0.8+10) (build 11.0.8+10-LTS)
# Java VM: Java HotSpot(TM) 64-Bit Server VM 18.9 (11.0.8+10-LTS, mixed mode, tiered, compressed oops, parallel gc, windows-amd64)
Heap:
 PSYoungGen      total 27136K, used 12574K [0x00000000eab00000, 0x00000000ecc00000, 0x0000000100000000)
  eden space 23040K, 36% used [0x00000000eab00000,0x00000000eb349a90,0x00000000ec180000)
  from space 4096K, 99% used [0x00000000ec680000,0x00000000eca7df88,0x00000000eca80000)
  to   space 5120K, 0% used [0x00000000ec180000,0x00000000ec180000,0x00000000ec680000)
 ParOldGen       total 68608K, used 8955K [0x00000000c0000000, 0x00000000c4300000, 0x00000000eab00000)
  object space 68608K, 13% used [0x00000000c0000000,0x00000000c08bedb0,0x00000000c4300000)
 Metaspace       used 31920K, capacity 33640K, committed 33920K, reserved 1079296K
  class space    used 3050K, capacity 3686K, committed 3712K, reserved 1048576K
GC Heap History (10 events):
Event: 6.260 GC heap before
{Heap before GC invocations=5 (full 1):
 PSYoungGen      total 29696K, used 4084K [0x00000000eab00000, 0x00000000ecc00000, 0x0000000100000000)
  eden space 25600K, 0% used [0x00000000eab00000,0x00000000eab00000,0x00000000ec400000)
  from space 4096K, 99% used [0x00000000ec800000,0x00000000ecbfd100,0x00000000ecc00000)
  to   space 4096K, 0% used [0x00000000ec400000,0x00000000ec400000,0x00000000ec800000)
 ParOldGen       total 68608K, used 3575K [0x00000000c0000000, 0x00000000c4300000, 0x00000000eab00000)
  object space 68608K, 5% used [0x00000000c0000000,0x00000000c037dfc0,0x00000000c4300000)
 Metaspace       used 20091K, capacity 21151K, committed 21248K, reserved 1069056K
  class space    used 1873K, capacity 2261K, committed 2304K, reserved 1048576K
}
Event: 6.365 GC heap after
{Heap after GC invocations=5 (full 1):
 PSYoungGen      total 29696K, used 0K [0x00000000eab00000, 0x00000000ecc00000, 0x0000000100000000)
  eden space 25600K, 0% used [0x00000000eab00000,0x00000000eab00000,0x00000000ec400000)
  from space 4096K, 0% used [0x00000000ec800000,0x00000000ec800000,0x00000000ecc00000)
  to   space 4096K, 0% used [0x00000000ec400000,0x00000000ec400000,0x00000000ec800000)
 ParOldGen       total 68608K, used 7538K [0x00000000c0000000, 0x00000000c4300000, 0x00000000eab00000)
  object space 68608K, 10% used [0x00000000c0000000,0x00000000c075cb60,0x00000000c4300000)
 Metaspace       used 20091K, capacity 21151K, committed 21248K, reserved 1069056K
  class space    used 1873K, capacity 2261K, committed 2304K, reserved 1048576K
}
Event: 12.012 GC heap before
{Heap before GC invocations=6 (full 1):
 PSYoungGen      total 29696K, used 25600K [0x00000000eab00000, 0x00000000ecc00000, 0x0000000100000000)
  eden space 25600K, 100% used [0x00000000eab00000,0x00000000ec400000,0x00000000ec400000)
  from space 4096K, 0% used [0x00000000ec800000,0x00000000ec800000,0x00000000ecc00000)
  to   space 4096K, 0% used [0x00000000ec400000,0x00000000ec400000,0x00000000ec800000)
 ParOldGen       total 68608K, used 7538K [0x00000000c0000000, 0x00000000c4300000, 0x00000000eab00000)
  object space 68608K, 10% used [0x00000000c0000000,0x00000000c075cb60,0x00000000c4300000)
 Metaspace       used 23745K, capacity 24943K, committed 25216K, reserved 1071104K
  class space    used 2133K, capacity 2590K, committed 2688K, reserved 1048576K
}
Event: 12.020 GC heap after
{Heap after GC invocations=6 (full 1):
 PSYoungGen      total 26112K, used 955K [0x00000000eab00000, 0x00000000ec880000, 0x0000000100000000)
  eden space 25088K, 0% used [0x00000000eab00000,0x00000000eab00000,0x00000000ec380000)
  from space 1024K, 93% used [0x00000000ec400000,0x00000000ec4eef38,0x00000000ec500000)
  to   space 2560K, 0% used [0x00000000ec600000,0x00000000ec600000,0x00000000ec880000)
 ParOldGen       total 68608K, used 7546K [0x00000000c0000000, 0x00000000c4300000, 0x00000000eab00000)
  object space 68608K, 10% used [0x00000000c0000000,0x00000000c075eb60,0x00000000c4300000)
 Metaspace       used 23745K, capacity 24943K, committed 25216K, reserved 1071104K
  class space    used 2133K, capacity 2590K, committed 2688K, reserved 1048576K
}
Event: 12.977 GC heap before
{Heap before GC invocations=7 (full 1):
 PSYoungGen      total 26112K, used 26043K [0x00000000eab00000, 0x00000000ec880000, 0x0000000100000000)
  eden space 25088K, 100% used [0x00000000eab00000,0x00000000ec380000,0x00000000ec380000)
  from space 1024K, 93% used [0x00000000ec400000,0x00000000ec4eef38,0x00000000ec500000)
  to   space 2560K, 0% used [0x00000000ec600000,0x00000000ec600000,0x00000000ec880000)
 ParOldGen       total 68608K, used 7546K [0x00000000c0000000, 0x00000000c4300000, 0x00000000eab00000)
  object space 68608K, 10% used [0x00000000c0000000,0x00000000c075eb60,0x00000000c4300000)
 Metaspace       used 27920K, capacity 29473K, committed 29696K, reserved 1075200K
  class space    used 2654K, capacity 3231K, committed 3328K, reserved 1048576K
}
Event: 12.981 GC heap after
{Heap after GC invocations=7 (full 1):
 PSYoungGen      total 27136K, used 2486K [0x00000000eab00000, 0x00000000ec900000, 0x0000000100000000)
  eden space 24576K, 0% used [0x00000000eab00000,0x00000000eab00000,0x00000000ec300000)
  from space 2560K, 97% used [0x00000000ec600000,0x00000000ec86db78,0x00000000ec880000)
  to   space 3072K, 0% used [0x00000000ec300000,0x00000000ec300000,0x00000000ec600000)
 ParOldGen       total 68608K, used 7562K [0x00000000c0000000, 0x00000000c4300000, 0x00000000eab00000)
  object space 68608K, 11% used [0x00000000c0000000,0x00000000c0762b78,0x00000000c4300000)
 Metaspace       used 27920K, capacity 29473K, committed 29696K, reserved 1075200K
  class space    used 2654K, capacity 3231K, committed 3328K, reserved 1048576K
}
Event: 15.430 GC heap before
{Heap before GC invocations=8 (full 1):
 PSYoungGen      total 27136K, used 27062K [0x00000000eab00000, 0x00000000ec900000, 0x0000000100000000)
  eden space 24576K, 99% used [0x00000000eab00000,0x00000000ec2ffff0,0x00000000ec300000)
  from space 2560K, 97% used [0x00000000ec600000,0x00000000ec86db78,0x00000000ec880000)
  to   space 3072K, 0% used [0x00000000ec300000,0x00000000ec300000,0x00000000ec600000)
 ParOldGen       total 68608K, used 7562K [0x00000000c0000000, 0x00000000c4300000, 0x00000000eab00000)
  object space 68608K, 11% used [0x00000000c0000000,0x00000000c0762b78,0x00000000c4300000)
 Metaspace       used 30957K, capacity 32739K, committed 32768K, reserved 1079296K
  class space    used 2937K, capacity 3578K, committed 3584K, reserved 1048576K
}
Event: 15.556 GC heap after
{Heap after GC invocations=8 (full 1):
 PSYoungGen      total 27136K, used 3068K [0x00000000eab00000, 0x00000000eca80000, 0x0000000100000000)
  eden space 24064K, 0% used [0x00000000eab00000,0x00000000eab00000,0x00000000ec280000)
  from space 3072K, 99% used [0x00000000ec300000,0x00000000ec5ff070,0x00000000ec600000)
  to   space 4096K, 0% used [0x00000000ec680000,0x00000000ec680000,0x00000000eca80000)
 ParOldGen       total 68608K, used 8201K [0x00000000c0000000, 0x00000000c4300000, 0x00000000eab00000)
  object space 68608K, 11% used [0x00000000c0000000,0x00000000c08027a8,0x00000000c4300000)
 Metaspace       used 30957K, capacity 32739K, committed 32768K, reserved 1079296K
  class space    used 2937K, capacity 3578K, committed 3584K, reserved 1048576K
}
Event: 16.496 GC heap before
{Heap before GC invocations=9 (full 1):
 PSYoungGen      total 27136K, used 27132K [0x00000000eab00000, 0x00000000eca80000, 0x0000000100000000)
  eden space 24064K, 100% used [0x00000000eab00000,0x00000000ec280000,0x00000000ec280000)
  from space 3072K, 99% used [0x00000000ec300000,0x00000000ec5ff070,0x00000000ec600000)
  to   space 4096K, 0% used [0x00000000ec680000,0x00000000ec680000,0x00000000eca80000)
 ParOldGen       total 68608K, used 8201K [0x00000000c0000000, 0x00000000c4300000, 0x00000000eab00000)
  object space 68608K, 11% used [0x00000000c0000000,0x00000000c08027a8,0x00000000c4300000)
 Metaspace       used 31844K, capacity 33640K, committed 33920K, reserved 1079296K
  class space    used 3042K, capacity 3686K, committed 3712K, reserved 1048576K
}
Event: 16.676 GC heap after
{Heap after GC invocations=9 (full 1):
 PSYoungGen      total 27136K, used 4087K [0x00000000eab00000, 0x00000000ecc00000, 0x0000000100000000)
  eden space 23040K, 0% used [0x00000000eab00000,0x00000000eab00000,0x00000000ec180000)
  from space 4096K, 99% used [0x00000000ec680000,0x00000000eca7df88,0x00000000eca80000)
  to   space 5120K, 0% used [0x00000000ec180000,0x00000000ec180000,0x00000000ec680000)
 ParOldGen       total 68608K, used 8955K [0x00000000c0000000, 0x00000000c4300000, 0x00000000eab00000)
  object space 68608K, 13% used [0x00000000c0000000,0x00000000c08bedb0,0x00000000c4300000)
 Metaspace       used 31844K, capacity 33640K, committed 33920K, reserved 1079296K
  class space    used 3042K, capacity 3686K, committed 3712K, reserved 1048576K
}

